 ****** PrimeSim HSPICE -- S-2021.09 win64 (Aug 25 2021 7230000) ******
  Copyright (c) 1986 - 2023 by Synopsys, Inc. All Rights Reserved.
  This software and the associated documentation are proprietary
  to Synopsys, Inc. This software may only be used in accordance
  with the terms and conditions of a written license agreement with
  Synopsys, Inc. All other use, reproduction, or distribution of
  this software is strictly prohibited.
  Input File: dyn_adder.sp                                                      
  Command line options: E:\synopsys\Hspice_S-2021.09\WIN64\hspice.com -i dyn_adder.sp -o C:\Users\silve\Desktop\carry_bypass_adder\source\dyn_adder.lis -mt 20
  Start time: Wed Dec 13 19:46:38 2023
  lic:  
  lic: FLEXlm: SDK_12.9.6 
  lic: USER:   silve                HOSTNAME: silvenchen 
  lic: HOSTID: 00ffee86d2d0         PID:      22000 
  lic: Using FLEXlm license file: 
  lic: E:\Synopsys\synopsys_lic.dat 
  lic: Checkout 10 hspice 
  lic: License/Maintenance for hspice will expire on 30-dec-2030/2030.12 
  lic: 10(in_use)/99(total) FLOATING license(s) on SERVER E:\Synopsys\synopsys_l
 ic.dat 
  lic:   
1****** PrimeSim HSPICE -- S-2021.09 win64 (Aug 25 2021 7230000) ******
 ******  
 basic components for building a carry bypass adder circuit

 ****** circuit name directory
 circuit number to circuit name directory
   number circuitname                     definition         multiplier
        0 main circuit
        1 x1.                             dyn_16bit          1.00 
        2 x1.x1.                          dyn_4bit           1.00 
        3 x1.x2.                          dyn_4bit           1.00 
        4 x1.x3.                          dyn_4bit           1.00 
        5 x1.x4.                          dyn_4bit           1.00 
        6 x1.x1.x1.                       dyn_fa             1.00 
        7 x1.x1.x2.                       dyn_fa             1.00 
        8 x1.x1.x3.                       dyn_fa             1.00 
        9 x1.x1.x4.                       dyn_fa             1.00 
       10 x1.x1.x5.                       nand               1.00 
       11 x1.x1.x6.                       nand               1.00 
       12 x1.x1.x7.                       nor                1.00 
       13 x1.x1.x8.                       mux                1.00 
       14 x1.x2.x1.                       dyn_fa             1.00 
       15 x1.x2.x2.                       dyn_fa             1.00 
       16 x1.x2.x3.                       dyn_fa             1.00 
       17 x1.x2.x4.                       dyn_fa             1.00 
       18 x1.x2.x5.                       nand               1.00 
       19 x1.x2.x6.                       nand               1.00 
       20 x1.x2.x7.                       nor                1.00 
       21 x1.x2.x8.                       mux                1.00 
       22 x1.x3.x1.                       dyn_fa             1.00 
       23 x1.x3.x2.                       dyn_fa             1.00 
       24 x1.x3.x3.                       dyn_fa             1.00 
       25 x1.x3.x4.                       dyn_fa             1.00 
       26 x1.x3.x5.                       nand               1.00 
       27 x1.x3.x6.                       nand               1.00 
       28 x1.x3.x7.                       nor                1.00 
       29 x1.x3.x8.                       mux                1.00 
       30 x1.x4.x1.                       dyn_fa             1.00 
       31 x1.x4.x2.                       dyn_fa             1.00 
       32 x1.x4.x3.                       dyn_fa             1.00 
       33 x1.x4.x4.                       dyn_fa             1.00 
       34 x1.x4.x5.                       nand               1.00 
       35 x1.x4.x6.                       nand               1.00 
       36 x1.x4.x7.                       nor                1.00 
       37 x1.x4.x8.                       mux                1.00 
       38 x1.x1.x1.x1.                    inv                1.00 
       39 x1.x1.x1.x2.                    nand               1.00 
       40 x1.x1.x1.x3.                    inv                1.00 
       41 x1.x1.x1.x4.                    xor                1.00 
       42 x1.x1.x1.x5.                    dyn_mc_chain       1.00 
       43 x1.x1.x1.x6.                    inv                1.00 
       44 x1.x1.x1.x7.                    xor                1.00 
       45 x1.x1.x2.x1.                    inv                1.00 
       46 x1.x1.x2.x2.                    nand               1.00 
       47 x1.x1.x2.x3.                    inv                1.00 
       48 x1.x1.x2.x4.                    xor                1.00 
       49 x1.x1.x2.x5.                    dyn_mc_chain       1.00 
       50 x1.x1.x2.x6.                    inv                1.00 
       51 x1.x1.x2.x7.                    xor                1.00 
       52 x1.x1.x3.x1.                    inv                1.00 
       53 x1.x1.x3.x2.                    nand               1.00 
       54 x1.x1.x3.x3.                    inv                1.00 
       55 x1.x1.x3.x4.                    xor                1.00 
       56 x1.x1.x3.x5.                    dyn_mc_chain       1.00 
       57 x1.x1.x3.x6.                    inv                1.00 
       58 x1.x1.x3.x7.                    xor                1.00 
       59 x1.x1.x4.x1.                    inv                1.00 
       60 x1.x1.x4.x2.                    nand               1.00 
       61 x1.x1.x4.x3.                    inv                1.00 
       62 x1.x1.x4.x4.                    xor                1.00 
       63 x1.x1.x4.x5.                    dyn_mc_chain       1.00 
       64 x1.x1.x4.x6.                    inv                1.00 
       65 x1.x1.x4.x7.                    xor                1.00 
       66 x1.x1.x8.x1.                    inv                1.00 
       67 x1.x1.x8.x2.                    inv                1.00 
       68 x1.x1.x8.x3.                    inv                1.00 
       69 x1.x2.x1.x1.                    inv                1.00 
       70 x1.x2.x1.x2.                    nand               1.00 
       71 x1.x2.x1.x3.                    inv                1.00 
       72 x1.x2.x1.x4.                    xor                1.00 
       73 x1.x2.x1.x5.                    dyn_mc_chain       1.00 
       74 x1.x2.x1.x6.                    inv                1.00 
       75 x1.x2.x1.x7.                    xor                1.00 
       76 x1.x2.x2.x1.                    inv                1.00 
       77 x1.x2.x2.x2.                    nand               1.00 
       78 x1.x2.x2.x3.                    inv                1.00 
       79 x1.x2.x2.x4.                    xor                1.00 
       80 x1.x2.x2.x5.                    dyn_mc_chain       1.00 
       81 x1.x2.x2.x6.                    inv                1.00 
       82 x1.x2.x2.x7.                    xor                1.00 
       83 x1.x2.x3.x1.                    inv                1.00 
       84 x1.x2.x3.x2.                    nand               1.00 
       85 x1.x2.x3.x3.                    inv                1.00 
       86 x1.x2.x3.x4.                    xor                1.00 
       87 x1.x2.x3.x5.                    dyn_mc_chain       1.00 
       88 x1.x2.x3.x6.                    inv                1.00 
       89 x1.x2.x3.x7.                    xor                1.00 
       90 x1.x2.x4.x1.                    inv                1.00 
       91 x1.x2.x4.x2.                    nand               1.00 
       92 x1.x2.x4.x3.                    inv                1.00 
       93 x1.x2.x4.x4.                    xor                1.00 
       94 x1.x2.x4.x5.                    dyn_mc_chain       1.00 
       95 x1.x2.x4.x6.                    inv                1.00 
       96 x1.x2.x4.x7.                    xor                1.00 
       97 x1.x2.x8.x1.                    inv                1.00 
       98 x1.x2.x8.x2.                    inv                1.00 
       99 x1.x2.x8.x3.                    inv                1.00 
      100 x1.x3.x1.x1.                    inv                1.00 
      101 x1.x3.x1.x2.                    nand               1.00 
      102 x1.x3.x1.x3.                    inv                1.00 
      103 x1.x3.x1.x4.                    xor                1.00 
      104 x1.x3.x1.x5.                    dyn_mc_chain       1.00 
      105 x1.x3.x1.x6.                    inv                1.00 
      106 x1.x3.x1.x7.                    xor                1.00 
      107 x1.x3.x2.x1.                    inv                1.00 
      108 x1.x3.x2.x2.                    nand               1.00 
      109 x1.x3.x2.x3.                    inv                1.00 
      110 x1.x3.x2.x4.                    xor                1.00 
      111 x1.x3.x2.x5.                    dyn_mc_chain       1.00 
      112 x1.x3.x2.x6.                    inv                1.00 
      113 x1.x3.x2.x7.                    xor                1.00 
      114 x1.x3.x3.x1.                    inv                1.00 
      115 x1.x3.x3.x2.                    nand               1.00 
      116 x1.x3.x3.x3.                    inv                1.00 
      117 x1.x3.x3.x4.                    xor                1.00 
      118 x1.x3.x3.x5.                    dyn_mc_chain       1.00 
      119 x1.x3.x3.x6.                    inv                1.00 
      120 x1.x3.x3.x7.                    xor                1.00 
      121 x1.x3.x4.x1.                    inv                1.00 
      122 x1.x3.x4.x2.                    nand               1.00 
      123 x1.x3.x4.x3.                    inv                1.00 
      124 x1.x3.x4.x4.                    xor                1.00 
      125 x1.x3.x4.x5.                    dyn_mc_chain       1.00 
      126 x1.x3.x4.x6.                    inv                1.00 
      127 x1.x3.x4.x7.                    xor                1.00 
      128 x1.x3.x8.x1.                    inv                1.00 
      129 x1.x3.x8.x2.                    inv                1.00 
      130 x1.x3.x8.x3.                    inv                1.00 
      131 x1.x4.x1.x1.                    inv                1.00 
      132 x1.x4.x1.x2.                    nand               1.00 
      133 x1.x4.x1.x3.                    inv                1.00 
      134 x1.x4.x1.x4.                    xor                1.00 
      135 x1.x4.x1.x5.                    dyn_mc_chain       1.00 
      136 x1.x4.x1.x6.                    inv                1.00 
      137 x1.x4.x1.x7.                    xor                1.00 
      138 x1.x4.x2.x1.                    inv                1.00 
      139 x1.x4.x2.x2.                    nand               1.00 
      140 x1.x4.x2.x3.                    inv                1.00 
      141 x1.x4.x2.x4.                    xor                1.00 
      142 x1.x4.x2.x5.                    dyn_mc_chain       1.00 
      143 x1.x4.x2.x6.                    inv                1.00 
      144 x1.x4.x2.x7.                    xor                1.00 
      145 x1.x4.x3.x1.                    inv                1.00 
      146 x1.x4.x3.x2.                    nand               1.00 
      147 x1.x4.x3.x3.                    inv                1.00 
      148 x1.x4.x3.x4.                    xor                1.00 
      149 x1.x4.x3.x5.                    dyn_mc_chain       1.00 
      150 x1.x4.x3.x6.                    inv                1.00 
      151 x1.x4.x3.x7.                    xor                1.00 
      152 x1.x4.x4.x1.                    inv                1.00 
      153 x1.x4.x4.x2.                    nand               1.00 
      154 x1.x4.x4.x3.                    inv                1.00 
      155 x1.x4.x4.x4.                    xor                1.00 
      156 x1.x4.x4.x5.                    dyn_mc_chain       1.00 
      157 x1.x4.x4.x6.                    inv                1.00 
      158 x1.x4.x4.x7.                    xor                1.00 
      159 x1.x4.x8.x1.                    inv                1.00 
      160 x1.x4.x8.x2.                    inv                1.00 
      161 x1.x4.x8.x3.                    inv                1.00 
      162 x1.x1.x1.x4.x1.                 inv                1.00 
      163 x1.x1.x1.x4.x2.                 inv                1.00 
      164 x1.x1.x1.x7.x1.                 inv                1.00 
      165 x1.x1.x1.x7.x2.                 inv                1.00 
      166 x1.x1.x2.x4.x1.                 inv                1.00 
      167 x1.x1.x2.x4.x2.                 inv                1.00 
      168 x1.x1.x2.x7.x1.                 inv                1.00 
      169 x1.x1.x2.x7.x2.                 inv                1.00 
      170 x1.x1.x3.x4.x1.                 inv                1.00 
      171 x1.x1.x3.x4.x2.                 inv                1.00 
      172 x1.x1.x3.x7.x1.                 inv                1.00 
      173 x1.x1.x3.x7.x2.                 inv                1.00 
      174 x1.x1.x4.x4.x1.                 inv                1.00 
      175 x1.x1.x4.x4.x2.                 inv                1.00 
      176 x1.x1.x4.x7.x1.                 inv                1.00 
      177 x1.x1.x4.x7.x2.                 inv                1.00 
      178 x1.x2.x1.x4.x1.                 inv                1.00 
      179 x1.x2.x1.x4.x2.                 inv                1.00 
      180 x1.x2.x1.x7.x1.                 inv                1.00 
      181 x1.x2.x1.x7.x2.                 inv                1.00 
      182 x1.x2.x2.x4.x1.                 inv                1.00 
      183 x1.x2.x2.x4.x2.                 inv                1.00 
      184 x1.x2.x2.x7.x1.                 inv                1.00 
      185 x1.x2.x2.x7.x2.                 inv                1.00 
      186 x1.x2.x3.x4.x1.                 inv                1.00 
      187 x1.x2.x3.x4.x2.                 inv                1.00 
      188 x1.x2.x3.x7.x1.                 inv                1.00 
      189 x1.x2.x3.x7.x2.                 inv                1.00 
      190 x1.x2.x4.x4.x1.                 inv                1.00 
      191 x1.x2.x4.x4.x2.                 inv                1.00 
      192 x1.x2.x4.x7.x1.                 inv                1.00 
      193 x1.x2.x4.x7.x2.                 inv                1.00 
      194 x1.x3.x1.x4.x1.                 inv                1.00 
      195 x1.x3.x1.x4.x2.                 inv                1.00 
      196 x1.x3.x1.x7.x1.                 inv                1.00 
      197 x1.x3.x1.x7.x2.                 inv                1.00 
      198 x1.x3.x2.x4.x1.                 inv                1.00 
      199 x1.x3.x2.x4.x2.                 inv                1.00 
      200 x1.x3.x2.x7.x1.                 inv                1.00 
      201 x1.x3.x2.x7.x2.                 inv                1.00 
      202 x1.x3.x3.x4.x1.                 inv                1.00 
      203 x1.x3.x3.x4.x2.                 inv                1.00 
      204 x1.x3.x3.x7.x1.                 inv                1.00 
      205 x1.x3.x3.x7.x2.                 inv                1.00 
      206 x1.x3.x4.x4.x1.                 inv                1.00 
      207 x1.x3.x4.x4.x2.                 inv                1.00 
      208 x1.x3.x4.x7.x1.                 inv                1.00 
      209 x1.x3.x4.x7.x2.                 inv                1.00 
      210 x1.x4.x1.x4.x1.                 inv                1.00 
      211 x1.x4.x1.x4.x2.                 inv                1.00 
      212 x1.x4.x1.x7.x1.                 inv                1.00 
      213 x1.x4.x1.x7.x2.                 inv                1.00 
      214 x1.x4.x2.x4.x1.                 inv                1.00 
      215 x1.x4.x2.x4.x2.                 inv                1.00 
      216 x1.x4.x2.x7.x1.                 inv                1.00 
      217 x1.x4.x2.x7.x2.                 inv                1.00 
      218 x1.x4.x3.x4.x1.                 inv                1.00 
      219 x1.x4.x3.x4.x2.                 inv                1.00 
      220 x1.x4.x3.x7.x1.                 inv                1.00 
      221 x1.x4.x3.x7.x2.                 inv                1.00 
      222 x1.x4.x4.x4.x1.                 inv                1.00 
      223 x1.x4.x4.x4.x2.                 inv                1.00 
      224 x1.x4.x4.x7.x1.                 inv                1.00 
      225 x1.x4.x4.x7.x2.                 inv                1.00 
  **info** (dyn_adder.sp:45) DC voltage reset to initial transient source value in source 0:v1. new dc=0.0000D+00
 

  
             
 Warning:'No DC path nodes' occurs 1 times
 No DC path from the following nodes,connected with gdcpath:
 -----------------------
 |Node      |Subckt    |
 |----------+----------|
 |vclk      |0         |
 -----------------------
              
      
 **info** set option symb=1 internally to help for convergence.
 *****************************************************************
 ******  option summary
 ******
 runlvl  = 3         bypass  = 2.0000    
  Opening plot unit= 79
 file=C:\Users\silve\Desktop\carry_bypass_adder\source\dyn_adder.pa0

 **info** dc convergence successful at Newton-Raphson method 
 ******  
 basic components for building a carry bypass adder circuit

 ****** operating point information tnom=  25.000 temp=  25.000 ******
 ****** operating point status is voltage   simulation time is     0.     
      node    =voltage        node    =voltage        node    =voltage

 +  0:co      =   1.5713n   0:s0      =  21.0972n   0:s1      =  21.0972n
 +  0:s10     =  21.0972n   0:s11     =  21.0972n   0:s12     =  21.0972n
 +  0:s13     =  21.0972n   0:s14     =  21.0972n   0:s15     =  21.0972n
 +  0:s2      =  21.0972n   0:s3      =  21.0972n   0:s4      =  21.0972n
 +  0:s5      =  21.0972n   0:s6      =  21.0972n   0:s7      =  21.0972n
 +  0:s8      =  21.0972n   0:s9      =  21.0972n   0:vclk    =   0.     
 +  0:vclk1   =   0.        0:vclk2   =   0.        0:vclk3   =   0.     
 +  0:vclk4   =   0.        0:vclk5   =   0.        0:vclk6   =   0.     
 +  0:vclk7   =   0.        0:vclk8   =   0.        0:vd      =   3.3000 
 +  1:co11    =   1.5713n   1:co3     =   1.5713n   1:co7     =   1.5713n
 +  2:1       =   3.3000    2:2       =   3.3000    2:co0     =  10.7053n
 +  2:co1     =  10.7053n   2:co2     =  10.7053n   2:co3     =  10.7053n
 +  2:p0      =  21.0972n   2:p1      =  21.0972n   2:p2      =  21.0972n
 +  2:p3      =  21.0972n   2:sel     =   2.6708n   3:1       =   3.3000 
 +  3:2       =   3.3000    3:co0     =  10.7053n   3:co1     =  10.7053n
 +  3:co2     =  10.7053n   3:co3     =  10.7053n   3:p0      =  21.0972n
 +  3:p1      =  21.0972n   3:p2      =  21.0972n   3:p3      =  21.0972n
 +  3:sel     =   2.6708n   4:1       =   3.3000    4:2       =   3.3000 
 +  4:co0     =  10.7053n   4:co1     =  10.7053n   4:co2     =  10.7053n
 +  4:co3     =  10.7053n   4:p0      =  21.0972n   4:p1      =  21.0972n
 +  4:p2      =  21.0972n   4:p3      =  21.0972n   4:sel     =   2.6708n
 +  5:1       =   3.3000    5:2       =   3.3000    5:co0     =  10.7053n
 +  5:co1     =  10.7053n   5:co2     =  10.7053n   5:co3     =  10.7053n
 +  5:p0      =  21.0972n   5:p1      =  21.0972n   5:p2      =  21.0972n
 +  5:p3      =  21.0972n   5:sel     =   2.6708n   6:g       =  10.7053n
 +  6:nci     =   3.3000    6:nco     =   3.3000    6:ng      =   3.3000 
 +  7:g       =  10.7053n   7:nci     =   3.3000    7:nco     =   3.3000 
 +  7:ng      =   3.3000    8:g       =  10.7053n   8:nci     =   3.3000 
 +  8:nco     =   3.3000    8:ng      =   3.3000    9:g       =  10.7053n
 +  9:nci     =   3.3000    9:nco     =   3.3000    9:ng      =   3.3000 
 + 10:1       =   1.6005   11:1       =   1.6005   12:1       =   1.6518 
 + 13:1       =   1.0476n  13:2       = 385.4263m  13:3       = 874.3718m
 + 13:na      =   3.3000   13:nb      =   3.3000   13:ns      =   3.3000 
 + 14:g       =  10.7053n  14:nci     =   3.3000   14:nco     =   3.3000 
 + 14:ng      =   3.3000   15:g       =  10.7053n  15:nci     =   3.3000 
 + 15:nco     =   3.3000   15:ng      =   3.3000   16:g       =  10.7053n
 + 16:nci     =   3.3000   16:nco     =   3.3000   16:ng      =   3.3000 
 + 17:g       =  10.7053n  17:nci     =   3.3000   17:nco     =   3.3000 
 + 17:ng      =   3.3000   18:1       =   1.6005   19:1       =   1.6005 
 + 20:1       =   1.6518   21:1       =   1.0476n  21:2       = 385.4263m
 + 21:3       = 874.3718m  21:na      =   3.3000   21:nb      =   3.3000 
 + 21:ns      =   3.3000   22:g       =  10.7053n  22:nci     =   3.3000 
 + 22:nco     =   3.3000   22:ng      =   3.3000   23:g       =  10.7053n
 + 23:nci     =   3.3000   23:nco     =   3.3000   23:ng      =   3.3000 
 + 24:g       =  10.7053n  24:nci     =   3.3000   24:nco     =   3.3000 
 + 24:ng      =   3.3000   25:g       =  10.7053n  25:nci     =   3.3000 
 + 25:nco     =   3.3000   25:ng      =   3.3000   26:1       =   1.6005 
 + 27:1       =   1.6005   28:1       =   1.6518   29:1       =   1.0476n
 + 29:2       = 385.4263m  29:3       = 874.3718m  29:na      =   3.3000 
 + 29:nb      =   3.3000   29:ns      =   3.3000   30:g       =  10.7053n
 + 30:nci     =   3.3000   30:nco     =   3.3000   30:ng      =   3.3000 
 + 31:g       =  10.7053n  31:nci     =   3.3000   31:nco     =   3.3000 
 + 31:ng      =   3.3000   32:g       =  10.7053n  32:nci     =   3.3000 
 + 32:nco     =   3.3000   32:ng      =   3.3000   33:g       =  10.7053n
 + 33:nci     =   3.3000   33:nco     =   3.3000   33:ng      =   3.3000 
 + 34:1       =   1.6005   35:1       =   1.6005   36:1       =   1.6518 
 + 37:1       =   1.0476n  37:2       = 385.4263m  37:3       = 874.3718m
 + 37:na      =   3.3000   37:nb      =   3.3000   37:ns      =   3.3000 
 + 39:1       =   1.6005   41:1       =  10.5486n  41:2       =  10.5486n
 + 41:3       =   3.3000   41:4       = 280.7516m  41:na      =   3.3000 
 + 41:nb      =   3.3000   42:1       =   1.6205   44:1       =  10.5486n
 + 44:2       =  10.5486n  44:3       =   3.3000   44:4       = 280.7516m
 + 44:na      =   3.3000   44:nb      =   3.3000   46:1       =   1.6005 
 + 48:1       =  10.5486n  48:2       =  10.5486n  48:3       =   3.3000 
 + 48:4       = 280.7516m  48:na      =   3.3000   48:nb      =   3.3000 
 + 49:1       =   1.6205   51:1       =  10.5486n  51:2       =  10.5486n
 + 51:3       =   3.3000   51:4       = 280.7516m  51:na      =   3.3000 
 + 51:nb      =   3.3000   53:1       =   1.6005   55:1       =  10.5486n
 + 55:2       =  10.5486n  55:3       =   3.3000   55:4       = 280.7516m
 + 55:na      =   3.3000   55:nb      =   3.3000   56:1       =   1.6205 
 + 58:1       =  10.5486n  58:2       =  10.5486n  58:3       =   3.3000 
 + 58:4       = 280.7516m  58:na      =   3.3000   58:nb      =   3.3000 
 + 60:1       =   1.6005   62:1       =  10.5486n  62:2       =  10.5486n
 + 62:3       =   3.3000   62:4       = 280.7516m  62:na      =   3.3000 
 + 62:nb      =   3.3000   63:1       =   1.6205   65:1       =  10.5486n
 + 65:2       =  10.5486n  65:3       =   3.3000   65:4       = 280.7516m
 + 65:na      =   3.3000   65:nb      =   3.3000   70:1       =   1.6005 
 + 72:1       =  10.5486n  72:2       =  10.5486n  72:3       =   3.3000 
 + 72:4       = 280.7516m  72:na      =   3.3000   72:nb      =   3.3000 
 + 73:1       =   1.6205   75:1       =  10.5486n  75:2       =  10.5486n
 + 75:3       =   3.3000   75:4       = 280.7516m  75:na      =   3.3000 
 + 75:nb      =   3.3000   77:1       =   1.6005   79:1       =  10.5486n
 + 79:2       =  10.5486n  79:3       =   3.3000   79:4       = 280.7516m
 + 79:na      =   3.3000   79:nb      =   3.3000   80:1       =   1.6205 
 + 82:1       =  10.5486n  82:2       =  10.5486n  82:3       =   3.3000 
 + 82:4       = 280.7516m  82:na      =   3.3000   82:nb      =   3.3000 
 + 84:1       =   1.6005   86:1       =  10.5486n  86:2       =  10.5486n
 + 86:3       =   3.3000   86:4       = 280.7516m  86:na      =   3.3000 
 + 86:nb      =   3.3000   87:1       =   1.6205   89:1       =  10.5486n
 + 89:2       =  10.5486n  89:3       =   3.3000   89:4       = 280.7516m
 + 89:na      =   3.3000   89:nb      =   3.3000   91:1       =   1.6005 
 + 93:1       =  10.5486n  93:2       =  10.5486n  93:3       =   3.3000 
 + 93:4       = 280.7516m  93:na      =   3.3000   93:nb      =   3.3000 
 + 94:1       =   1.6205   96:1       =  10.5486n  96:2       =  10.5486n
 + 96:3       =   3.3000   96:4       = 280.7516m  96:na      =   3.3000 
 + 96:nb      =   3.3000  101:1       =   1.6005  103:1       =  10.5486n
 +103:2       =  10.5486n 103:3       =   3.3000  103:4       = 280.7516m
 +103:na      =   3.3000  103:nb      =   3.3000  104:1       =   1.6205 
 +106:1       =  10.5486n 106:2       =  10.5486n 106:3       =   3.3000 
 +106:4       = 280.7516m 106:na      =   3.3000  106:nb      =   3.3000 
 +108:1       =   1.6005  110:1       =  10.5486n 110:2       =  10.5486n
 +110:3       =   3.3000  110:4       = 280.7516m 110:na      =   3.3000 
 +110:nb      =   3.3000  111:1       =   1.6205  113:1       =  10.5486n
 +113:2       =  10.5486n 113:3       =   3.3000  113:4       = 280.7516m
 +113:na      =   3.3000  113:nb      =   3.3000  115:1       =   1.6005 
 +117:1       =  10.5486n 117:2       =  10.5486n 117:3       =   3.3000 
 +117:4       = 280.7516m 117:na      =   3.3000  117:nb      =   3.3000 
 +118:1       =   1.6205  120:1       =  10.5486n 120:2       =  10.5486n
 +120:3       =   3.3000  120:4       = 280.7516m 120:na      =   3.3000 
 +120:nb      =   3.3000  122:1       =   1.6005  124:1       =  10.5486n
 +124:2       =  10.5486n 124:3       =   3.3000  124:4       = 280.7516m
 +124:na      =   3.3000  124:nb      =   3.3000  125:1       =   1.6205 
 +127:1       =  10.5486n 127:2       =  10.5486n 127:3       =   3.3000 
 +127:4       = 280.7516m 127:na      =   3.3000  127:nb      =   3.3000 
 +132:1       =   1.6005  134:1       =  10.5486n 134:2       =  10.5486n
 +134:3       =   3.3000  134:4       = 280.7516m 134:na      =   3.3000 
 +134:nb      =   3.3000  135:1       =   1.6205  137:1       =  10.5486n
 +137:2       =  10.5486n 137:3       =   3.3000  137:4       = 280.7516m
 +137:na      =   3.3000  137:nb      =   3.3000  139:1       =   1.6005 
 +141:1       =  10.5486n 141:2       =  10.5486n 141:3       =   3.3000 
 +141:4       = 280.7516m 141:na      =   3.3000  141:nb      =   3.3000 
 +142:1       =   1.6205  144:1       =  10.5486n 144:2       =  10.5486n
 +144:3       =   3.3000  144:4       = 280.7516m 144:na      =   3.3000 
 +144:nb      =   3.3000  146:1       =   1.6005  148:1       =  10.5486n
 +148:2       =  10.5486n 148:3       =   3.3000  148:4       = 280.7516m
 +148:na      =   3.3000  148:nb      =   3.3000  149:1       =   1.6205 
 +151:1       =  10.5486n 151:2       =  10.5486n 151:3       =   3.3000 
 +151:4       = 280.7516m 151:na      =   3.3000  151:nb      =   3.3000 
 +153:1       =   1.6005  155:1       =  10.5486n 155:2       =  10.5486n
 +155:3       =   3.3000  155:4       = 280.7516m 155:na      =   3.3000 
 +155:nb      =   3.3000  156:1       =   1.6205  158:1       =  10.5486n
 +158:2       =  10.5486n 158:3       =   3.3000  158:4       = 280.7516m
